ParseStarterProject/build/outputs/logs/manifest-merger-debug-report.txt
-- Merging decision tree log ---
manifest
ADDED from src/main/AndroidManifest.xml:10:1-61:12
	package
		ADDED from src/main/AndroidManifest.xml:11:5-39
		INJECTED from src/main/AndroidManifest.xml
		INJECTED from src/main/AndroidManifest.xml
	android:versionName
		INJECTED from src/main/AndroidManifest.xml
		INJECTED from src/main/AndroidManifest.xml
	xmlns:android
		ADDED from src/main/AndroidManifest.xml:10:11-69
	android:versionCode
		INJECTED from src/main/AndroidManifest.xml
		INJECTED from src/main/AndroidManifest.xml
uses-permission#android.permission.INTERNET
ADDED from src/main/AndroidManifest.xml:13:5-67
	android:name
		ADDED from src/main/AndroidManifest.xml:13:22-64
uses-permission#android.permission.ACCESS_NETWORK_STATE
ADDED from src/main/AndroidManifest.xml:14:5-79
	android:name
		ADDED from src/main/AndroidManifest.xml:14:22-76
application
ADDED from src/main/AndroidManifest.xml:16:5-59:19
MERGED from [com.android.support:appcompat-v7:22.2.0] AndroidManifest.xml:22:5-20
MERGED from [com.android.support:support-v4:22.2.0] AndroidManifest.xml:22:5-20
MERGED from [de.hdodenhof:circleimageview:2.0.0] AndroidManifest.xml:9:5-20
MERGED from [com.nhaarman.listviewanimations:lib-core:3.1.0] AndroidManifest.xml:26:5-27:19
MERGED from [com.nhaarman.listviewanimations:lib-manipulation:3.1.0] AndroidManifest.xml:26:5-29:19
MERGED from [com.nhaarman.listviewanimations:lib-core-slh:3.1.0] AndroidManifest.xml:26:5-27:19
	android:label
		ADDED from src/main/AndroidManifest.xml:20:9-41
	android:allowBackup
		ADDED from src/main/AndroidManifest.xml:18:9-35
	android:icon
		ADDED from src/main/AndroidManifest.xml:19:9-43
	android:theme
		ADDED from src/main/AndroidManifest.xml:21:9-56
	android:name
		ADDED from src/main/AndroidManifest.xml:17:9-76
meta-data#com.parse.APPLICATION_ID
ADDED from src/main/AndroidManifest.xml:22:9-24:52
	android:value
		ADDED from src/main/AndroidManifest.xml:24:13-49
	android:name
		ADDED from src/main/AndroidManifest.xml:23:13-52
meta-data#com.parse.CLIENT_KEY
ADDED from src/main/AndroidManifest.xml:25:9-27:56
	android:value
		ADDED from src/main/AndroidManifest.xml:27:13-53
	android:name
		ADDED from src/main/AndroidManifest.xml:26:13-48
activity#com.adorgolap.muslimshow.all.main.MainActivity
ADDED from src/main/AndroidManifest.xml:29:9-38:20
	android:screenOrientation
		ADDED from src/main/AndroidManifest.xml:31:13-51
	android:label
		ADDED from src/main/AndroidManifest.xml:32:13-45
	android:name
		ADDED from src/main/AndroidManifest.xml:30:13-74
intent-filter#android.intent.action.MAIN+android.intent.category.LAUNCHER
ADDED from src/main/AndroidManifest.xml:33:13-37:29
action#android.intent.action.MAIN
ADDED from src/main/AndroidManifest.xml:34:17-69
	android:name
		ADDED from src/main/AndroidManifest.xml:34:25-66
category#android.intent.category.LAUNCHER
ADDED from src/main/AndroidManifest.xml:36:17-77
	android:name
		ADDED from src/main/AndroidManifest.xml:36:27-74
activity#com.adorgolap.muslimshow.all.main.FullImageActivity
ADDED from src/main/AndroidManifest.xml:39:9-48:20
	android:screenOrientation
		ADDED from src/main/AndroidManifest.xml:41:13-51
	android:label
		ADDED from src/main/AndroidManifest.xml:42:13-45
	android:name
		ADDED from src/main/AndroidManifest.xml:40:13-79
intent-filter#android.intent.category.DEFAULT+com.parse.muslimshow.FULLIMAGEACTIVITY
ADDED from src/main/AndroidManifest.xml:43:13-47:29
action#com.parse.muslimshow.FULLIMAGEACTIVITY
ADDED from src/main/AndroidManifest.xml:44:17-81
	android:name
		ADDED from src/main/AndroidManifest.xml:44:25-78
category#android.intent.category.DEFAULT
ADDED from src/main/AndroidManifest.xml:46:17-76
	android:name
		ADDED from src/main/AndroidManifest.xml:46:27-73
activity#com.adorgolap.muslimshow.all.preference.Preference
ADDED from src/main/AndroidManifest.xml:49:9-58:20
	android:screenOrientation
		ADDED from src/main/AndroidManifest.xml:51:13-51
	android:label
		ADDED from src/main/AndroidManifest.xml:52:13-45
	android:name
		ADDED from src/main/AndroidManifest.xml:50:13-78
intent-filter#android.intent.category.DEFAULT+com.adorgolap.muslimshow.all.preference.PREFERENCE
ADDED from src/main/AndroidManifest.xml:53:13-57:29
action#com.adorgolap.muslimshow.all.preference.PREFERENCE
ADDED from src/main/AndroidManifest.xml:54:17-93
	android:name
		ADDED from src/main/AndroidManifest.xml:54:25-90
uses-sdk
INJECTED from src/main/AndroidManifest.xml reason: use-sdk injection requested
MERGED from [com.android.support:appcompat-v7:22.2.0] AndroidManifest.xml:20:5-43
MERGED from [com.android.support:support-v4:22.2.0] AndroidManifest.xml:20:5-43
MERGED from [de.hdodenhof:circleimageview:2.0.0] AndroidManifest.xml:5:5-7:41
MERGED from [com.nhaarman.listviewanimations:lib-core:3.1.0] AndroidManifest.xml:22:5-24:41
MERGED from [com.nhaarman.listviewanimations:lib-manipulation:3.1.0] AndroidManifest.xml:22:5-24:41
MERGED from [com.nhaarman.listviewanimations:lib-core-slh:3.1.0] AndroidManifest.xml:22:5-24:41
	android:targetSdkVersion
		INJECTED from src/main/AndroidManifest.xml
		INJECTED from src/main/AndroidManifest.xml
	android:minSdkVersion
		INJECTED from src/main/AndroidManifest.xml
		INJECTED from src/main/AndroidManifest.xml
activity#com.nhaarman.listviewanimations.itemmanipulation.swipedismiss.SwipeTouchListenerTestActivity
ADDED from [com.nhaarman.listviewanimations:lib-manipulation:3.1.0] AndroidManifest.xml:27:9-129
	android:name
		ADDED from [com.nhaarman.listviewanimations:lib-manipulation:3.1.0] AndroidManifest.xml:27:19-126
activity#com.nhaarman.listviewanimations.itemmanipulation.dragdrop.DynamicListViewTestActivity
ADDED from [com.nhaarman.listviewanimations:lib-manipulation:3.1.0] AndroidManifest.xml:28:9-122
	android:name
		ADDED from [com.nhaarman.listviewanimations:lib-manipulation:3.1.0] AndroidManifest.xml:28:19-119